<?xml version="1.0" encoding="UTF-8" standalone="yes" ?>
<test-results name="D:\Desenvolvimento\workspace\Delphi\FormacaoDelphiSenior\Tests\ProjetoBase\Bin\FormacaoERPTest.exe" total="5" errors="0" failures="0" ignored="0" inconclusive="0" not-run="0" skipped="0" invalid="0" date="2021-07-17" time="0.082">
  <culture-info current-culture="en" current-uiculture="en" />
  <test-suite type="Assembly" name="FormacaoERPTest.exe" executed="true" result="Success" success="True" time="0.082" asserts="0">
    <results>
        <test-suite type="Namespace" name="DAO" executed="true" result="Success" success="True" time="0.081" asserts="0" >
          <results>
              <test-suite type="Fixture" name="TFormacaoERPTest" executed="True" result="Success" success="True" time="0.081" >
                <results>
                  <test-case name="ConsultaNotaFiscalIdPeloNumero" executed="True" result="Success" success="True" time="0.003" asserts="0" />
                  <test-case name="ConsultaPeloId" executed="True" result="Success" success="True" time="0.000" asserts="0" />
                  <test-case name="Insert" executed="True" result="Success" success="True" time="0.017" asserts="0" />
                  <test-case name="Update" executed="True" result="Success" success="True" time="0.006" asserts="0" />
                  <test-case name="Delete" executed="True" result="Success" success="True" time="0.007" asserts="0" />
                </results>
              </test-suite>
          </results>
        </test-suite>
    </results>
  </test-suite>
</test-results>
